<?xml version="1.0" encoding="UTF-8"?>
<testsuite name="TestSuite" time="10.81" tests="1" errors="0" skipped="0" failures="0">
  <properties>
    <property name="java.runtime.name" value="Java(TM) SE Runtime Environment"/>
    <property name="sun.boot.library.path" value="/Library/Java/JavaVirtualMachines/jdk1.8.0_121.jdk/Contents/Home/jre/lib"/>
    <property name="java.vm.version" value="25.121-b13"/>
    <property name="user.country.format" value="IN"/>
    <property name="gopherProxySet" value="false"/>
    <property name="java.vm.vendor" value="Oracle Corporation"/>
    <property name="maven.multiModuleProjectDirectory" value="/Users/mrinalirao/Documents/workspace/Automation"/>
    <property name="java.vendor.url" value="http://java.oracle.com/"/>
    <property name="path.separator" value=":"/>
    <property name="guice.disable.misplaced.annotation.check" value="true"/>
    <property name="java.vm.name" value="Java HotSpot(TM) 64-Bit Server VM"/>
    <property name="file.encoding.pkg" value="sun.io"/>
    <property name="user.country" value="US"/>
    <property name="sun.java.launcher" value="SUN_STANDARD"/>
    <property name="sun.os.patch.level" value="unknown"/>
    <property name="java.vm.specification.name" value="Java Virtual Machine Specification"/>
    <property name="user.dir" value="/Users/mrinalirao/Documents/workspace/Automation"/>
    <property name="java.runtime.version" value="1.8.0_121-b13"/>
    <property name="java.awt.graphicsenv" value="sun.awt.CGraphicsEnvironment"/>
    <property name="basedir" value="/Users/mrinalirao/Documents/workspace/Automation"/>
    <property name="java.endorsed.dirs" value="/Library/Java/JavaVirtualMachines/jdk1.8.0_121.jdk/Contents/Home/jre/lib/endorsed"/>
    <property name="os.arch" value="x86_64"/>
    <property name="java.io.tmpdir" value="/var/folders/0f/c5gt6pxd1_91x_6h_mtxg4rc0000gn/T/"/>
    <property name="line.separator" value="&#10;"/>
    <property name="java.vm.specification.vendor" value="Oracle Corporation"/>
    <property name="os.name" value="Mac OS X"/>
    <property name="classworlds.conf" value="/Users/mrinalirao/Documents/workspace/.metadata/.plugins/org.eclipse.m2e.launching/launches/m2conf483074011566301622.tmp"/>
    <property name="sun.jnu.encoding" value="UTF-8"/>
    <property name="java.library.path" value="/Users/mrinalirao/Library/Java/Extensions:/Library/Java/Extensions:/Network/Library/Java/Extensions:/System/Library/Java/Extensions:/usr/lib/java:."/>
    <property name="surefire.test.class.path" value="/Users/mrinalirao/Documents/workspace/Automation/target/test-classes:/Users/mrinalirao/Documents/workspace/Automation/target/classes:/Users/mrinalirao/.m2/repository/org/seleniumhq/selenium/selenium-java/2.53.0/selenium-java-2.53.0.jar:/Users/mrinalirao/.m2/repository/org/seleniumhq/selenium/selenium-chrome-driver/2.53.0/selenium-chrome-driver-2.53.0.jar:/Users/mrinalirao/.m2/repository/org/seleniumhq/selenium/selenium-remote-driver/2.53.0/selenium-remote-driver-2.53.0.jar:/Users/mrinalirao/.m2/repository/cglib/cglib-nodep/2.1_3/cglib-nodep-2.1_3.jar:/Users/mrinalirao/.m2/repository/com/google/code/gson/gson/2.3.1/gson-2.3.1.jar:/Users/mrinalirao/.m2/repository/org/seleniumhq/selenium/selenium-api/2.53.0/selenium-api-2.53.0.jar:/Users/mrinalirao/.m2/repository/org/apache/httpcomponents/httpclient/4.5.1/httpclient-4.5.1.jar:/Users/mrinalirao/.m2/repository/org/apache/httpcomponents/httpcore/4.4.3/httpcore-4.4.3.jar:/Users/mrinalirao/.m2/repository/commons-logging/commons-logging/1.2/commons-logging-1.2.jar:/Users/mrinalirao/.m2/repository/commons-codec/commons-codec/1.9/commons-codec-1.9.jar:/Users/mrinalirao/.m2/repository/com/google/guava/guava/19.0/guava-19.0.jar:/Users/mrinalirao/.m2/repository/org/seleniumhq/selenium/selenium-edge-driver/2.53.0/selenium-edge-driver-2.53.0.jar:/Users/mrinalirao/.m2/repository/commons-io/commons-io/2.4/commons-io-2.4.jar:/Users/mrinalirao/.m2/repository/org/apache/commons/commons-exec/1.3/commons-exec-1.3.jar:/Users/mrinalirao/.m2/repository/org/seleniumhq/selenium/selenium-firefox-driver/2.53.0/selenium-firefox-driver-2.53.0.jar:/Users/mrinalirao/.m2/repository/org/seleniumhq/selenium/selenium-ie-driver/2.53.0/selenium-ie-driver-2.53.0.jar:/Users/mrinalirao/.m2/repository/net/java/dev/jna/jna/4.1.0/jna-4.1.0.jar:/Users/mrinalirao/.m2/repository/net/java/dev/jna/jna-platform/4.1.0/jna-platform-4.1.0.jar:/Users/mrinalirao/.m2/repository/org/seleniumhq/selenium/selenium-safari-driver/2.53.0/selenium-safari-driver-2.53.0.jar:/Users/mrinalirao/.m2/repository/io/netty/netty/3.5.7.Final/netty-3.5.7.Final.jar:/Users/mrinalirao/.m2/repository/org/seleniumhq/selenium/selenium-support/2.53.0/selenium-support-2.53.0.jar:/Users/mrinalirao/.m2/repository/org/seleniumhq/selenium/selenium-leg-rc/2.53.0/selenium-leg-rc-2.53.0.jar:/Users/mrinalirao/.m2/repository/org/slf4j/slf4j-api/1.7.21/slf4j-api-1.7.21.jar:/Users/mrinalirao/.m2/repository/org/slf4j/slf4j-log4j12/1.7.21/slf4j-log4j12-1.7.21.jar:/Users/mrinalirao/.m2/repository/log4j/log4j/1.2.17/log4j-1.2.17.jar:/Users/mrinalirao/.m2/repository/org/testng/testng/6.8/testng-6.8.jar:/Users/mrinalirao/.m2/repository/junit/junit/4.10/junit-4.10.jar:/Users/mrinalirao/.m2/repository/org/hamcrest/hamcrest-core/1.1/hamcrest-core-1.1.jar:/Users/mrinalirao/.m2/repository/org/beanshell/bsh/2.0b4/bsh-2.0b4.jar:/Users/mrinalirao/.m2/repository/com/beust/jcommander/1.27/jcommander-1.27.jar:/Users/mrinalirao/.m2/repository/org/yaml/snakeyaml/1.6/snakeyaml-1.6.jar:/Users/mrinalirao/.m2/repository/org/projectlombok/lombok/1.16.8/lombok-1.16.8.jar:/Users/mrinalirao/.m2/repository/org/apache/maven/surefire/surefire-testng-utils/2.14/surefire-testng-utils-2.14.jar:/Users/mrinalirao/.m2/repository/org/apache/maven/surefire/surefire-grouper/2.14/surefire-grouper-2.14.jar:"/>
    <property name="java.specification.name" value="Java Platform API Specification"/>
    <property name="java.class.version" value="52.0"/>
    <property name="sun.management.compiler" value="HotSpot 64-Bit Tiered Compilers"/>
    <property name="os.version" value="10.12"/>
    <property name="http.nonProxyHosts" value="local|*.local|169.254/16|*.169.254/16"/>
    <property name="user.home" value="/Users/mrinalirao"/>
    <property name="user.timezone" value="Australia/Sydney"/>
    <property name="java.awt.printerjob" value="sun.lwawt.macosx.CPrinterJob"/>
    <property name="java.specification.version" value="1.8"/>
    <property name="file.encoding" value="UTF-8"/>
    <property name="user.name" value="mrinalirao"/>
    <property name="java.class.path" value="/private/var/folders/0f/c5gt6pxd1_91x_6h_mtxg4rc0000gn/T/AppTranslocation/A2870328-26FB-4197-983C-51D0808BC7A8/d/Eclipse.app/Contents/Eclipse/plugins/org.eclipse.m2e.maven.runtime_1.7.0.20160603-1931/jars/plexus-classworlds-2.5.2.jar"/>
    <property name="java.vm.specification.version" value="1.8"/>
    <property name="sun.arch.data.model" value="64"/>
    <property name="java.home" value="/Library/Java/JavaVirtualMachines/jdk1.8.0_121.jdk/Contents/Home/jre"/>
    <property name="sun.java.command" value="org.codehaus.plexus.classworlds.launcher.Launcher -B test"/>
    <property name="java.specification.vendor" value="Oracle Corporation"/>
    <property name="user.language" value="en"/>
    <property name="awt.toolkit" value="sun.lwawt.macosx.LWCToolkit"/>
    <property name="java.vm.info" value="mixed mode"/>
    <property name="java.version" value="1.8.0_121"/>
    <property name="java.ext.dirs" value="/Users/mrinalirao/Library/Java/Extensions:/Library/Java/JavaVirtualMachines/jdk1.8.0_121.jdk/Contents/Home/jre/lib/ext:/Library/Java/Extensions:/Network/Library/Java/Extensions:/System/Library/Java/Extensions:/usr/lib/java"/>
    <property name="sun.boot.class.path" value="/Library/Java/JavaVirtualMachines/jdk1.8.0_121.jdk/Contents/Home/jre/lib/resources.jar:/Library/Java/JavaVirtualMachines/jdk1.8.0_121.jdk/Contents/Home/jre/lib/rt.jar:/Library/Java/JavaVirtualMachines/jdk1.8.0_121.jdk/Contents/Home/jre/lib/sunrsasign.jar:/Library/Java/JavaVirtualMachines/jdk1.8.0_121.jdk/Contents/Home/jre/lib/jsse.jar:/Library/Java/JavaVirtualMachines/jdk1.8.0_121.jdk/Contents/Home/jre/lib/jce.jar:/Library/Java/JavaVirtualMachines/jdk1.8.0_121.jdk/Contents/Home/jre/lib/charsets.jar:/Library/Java/JavaVirtualMachines/jdk1.8.0_121.jdk/Contents/Home/jre/lib/jfr.jar:/Library/Java/JavaVirtualMachines/jdk1.8.0_121.jdk/Contents/Home/jre/classes"/>
    <property name="webdriver.chrome.driver" value="/Users/mrinalirao/Downloads/chromedriver"/>
    <property name="java.vendor" value="Oracle Corporation"/>
    <property name="maven.home" value="/Users/mrinalirao/Documents/workspace/Automation/EMBEDDED"/>
    <property name="localRepository" value="/Users/mrinalirao/.m2/repository"/>
    <property name="file.separator" value="/"/>
    <property name="java.vendor.url.bug" value="http://bugreport.sun.com/bugreport/"/>
    <property name="sun.cpu.endian" value="little"/>
    <property name="sun.io.unicode.encoding" value="UnicodeBig"/>
    <property name="socksNonProxyHosts" value="local|*.local|169.254/16|*.169.254/16"/>
    <property name="ftp.nonProxyHosts" value="local|*.local|169.254/16|*.169.254/16"/>
    <property name="sun.cpu.isalist" value=""/>
  </properties>
  <testcase name="bunningsTest" classname="com.planit.UITest" time="10.81"/>
</testsuite>