<?xml version="1.0" encoding="UTF-8"?>
<!-- Generated by org.testng.reporters.JUnitReportReporter -->
<testsuite hostname="Mrinalis-Air" name="com.planit.UITest" tests="1" failures="0" timestamp="23 Mar 2017 01:26:29 GMT" time="10.811" errors="0">
  <testcase name="bunningsTest" time="10.811" classname="com.planit.UITest"/>
</testsuite> <!-- com.planit.UITest -->
